2026-04-04 11:42:03,165 - INFO - Feature scaling started ...
2026-04-04 11:42:03,165 - INFO -  before feature scaling X_train : Index(['SeniorCitizen', 'tenure_yeo_tri', 'MonthlyCharges_box_CapMS',
       'TotalCharges_replaced_yeo_CapMS', 'gender_Male', 'Partner_Yes',
       'Dependents_Yes', 'PhoneService_ordinal', 'MultipleLines_ordinal',
       'InternetService_ordinal', 'OnlineSecurity_ordinal',
       'OnlineBackup_ordinal', 'DeviceProtection_ordinal',
       'TechSupport_ordinal', 'StreamingTV_ordinal', 'StreamingMovies_ordinal',
       'Contract_ordinal', 'PaperlessBilling_ordinal', 'PaymentMethod_ordinal',
       'Telecom_Services_ordinal'],
      dtype='object') and shape : (8276, 20)
2026-04-04 11:42:03,344 - INFO - confusion matrix : 
 [[815 221]
 [ 91 282]]
2026-04-04 11:42:03,346 - INFO - Accuracy score : 0.7785663591199432
2026-04-04 11:42:03,347 - INFO - Classification report : 
               precision    recall  f1-score   support

           0       0.90      0.79      0.84      1036
           1       0.56      0.76      0.64       373

    accuracy                           0.78      1409
   macro avg       0.73      0.77      0.74      1409
weighted avg       0.81      0.78      0.79      1409

