2026-04-04 11:42:01,411 - INFO - Before Handling NUll values X_train Column names and shape : (5634, 21) 
 : Index(['customerID', 'gender', 'SeniorCitizen', 'Partner', 'Dependents',
       'tenure', 'PhoneService', 'MultipleLines', 'InternetService',
       'OnlineSecurity', 'OnlineBackup', 'DeviceProtection', 'TechSupport',
       'StreamingTV', 'StreamingMovies', 'Contract', 'PaperlessBilling',
       'PaymentMethod', 'MonthlyCharges', 'TotalCharges', 'Telecom_Services'],
      dtype='object') : customerID           0
gender               0
SeniorCitizen        0
Partner              0
Dependents           0
tenure               0
PhoneService         0
MultipleLines        0
InternetService      0
OnlineSecurity       0
OnlineBackup         0
DeviceProtection     0
TechSupport          0
StreamingTV          0
StreamingMovies      0
Contract             0
PaperlessBilling     0
PaymentMethod        0
MonthlyCharges       0
TotalCharges        10
Telecom_Services     0
dtype: int64
2026-04-04 11:42:01,411 - INFO - Before Handling NUll values X_test Column names and shape : (1409, 21) 
 : Index(['customerID', 'gender', 'SeniorCitizen', 'Partner', 'Dependents',
       'tenure', 'PhoneService', 'MultipleLines', 'InternetService',
       'OnlineSecurity', 'OnlineBackup', 'DeviceProtection', 'TechSupport',
       'StreamingTV', 'StreamingMovies', 'Contract', 'PaperlessBilling',
       'PaymentMethod', 'MonthlyCharges', 'TotalCharges', 'Telecom_Services'],
      dtype='object') : customerID          0
gender              0
SeniorCitizen       0
Partner             0
Dependents          0
tenure              0
PhoneService        0
MultipleLines       0
InternetService     0
OnlineSecurity      0
OnlineBackup        0
DeviceProtection    0
TechSupport         0
StreamingTV         0
StreamingMovies     0
Contract            0
PaperlessBilling    0
PaymentMethod       0
MonthlyCharges      0
TotalCharges        1
Telecom_Services    0
dtype: int64
2026-04-04 11:42:01,411 - INFO - After Handling NUll values X_train Column names and shape : (5634, 21) 
 : Index(['customerID', 'gender', 'SeniorCitizen', 'Partner', 'Dependents',
       'tenure', 'PhoneService', 'MultipleLines', 'InternetService',
       'OnlineSecurity', 'OnlineBackup', 'DeviceProtection', 'TechSupport',
       'StreamingTV', 'StreamingMovies', 'Contract', 'PaperlessBilling',
       'PaymentMethod', 'MonthlyCharges', 'Telecom_Services',
       'TotalCharges_replaced'],
      dtype='object') : customerID               0
gender                   0
SeniorCitizen            0
Partner                  0
Dependents               0
tenure                   0
PhoneService             0
MultipleLines            0
InternetService          0
OnlineSecurity           0
OnlineBackup             0
DeviceProtection         0
TechSupport              0
StreamingTV              0
StreamingMovies          0
Contract                 0
PaperlessBilling         0
PaymentMethod            0
MonthlyCharges           0
Telecom_Services         0
TotalCharges_replaced    0
dtype: int64
2026-04-04 11:42:01,426 - INFO - After Handling NUll values X_test Column names and shape : (1409, 21) 
 : Index(['customerID', 'gender', 'SeniorCitizen', 'Partner', 'Dependents',
       'tenure', 'PhoneService', 'MultipleLines', 'InternetService',
       'OnlineSecurity', 'OnlineBackup', 'DeviceProtection', 'TechSupport',
       'StreamingTV', 'StreamingMovies', 'Contract', 'PaperlessBilling',
       'PaymentMethod', 'MonthlyCharges', 'Telecom_Services',
       'TotalCharges_replaced'],
      dtype='object') : customerID               0
gender                   0
SeniorCitizen            0
Partner                  0
Dependents               0
tenure                   0
PhoneService             0
MultipleLines            0
InternetService          0
OnlineSecurity           0
OnlineBackup             0
DeviceProtection         0
TechSupport              0
StreamingTV              0
StreamingMovies          0
Contract                 0
PaperlessBilling         0
PaymentMethod            0
MonthlyCharges           0
Telecom_Services         0
TotalCharges_replaced    0
dtype: int64
